[    0.000000] Initialiing cgoup subsys cpuset
[    0.000000] nitializig cgroup sbsys cpu
[    0.000000] Initilizing cgroup subsys cpuacct
[    0.000000] Linux version 4.4.0-140-generic (buildd@lcy01-amd64-00) (gcc ersion 5.40 20160609 (buntu 5..0-6ubuntu1~16.04.10) ) #166-Ubuntu SMP Wed Nov 14 20:09:47 UTC 2018 (Ubuntu 4.4.0-140.166-generic 4.4.162)
[    0.000000] Command line: BOOT_IMAGE=/boot/vmlinu4.4.0-140-generic root=LABEL=cloudimg-rootfs ro console=tty1 console=ttyS0
[    0.000000] KERNEL supported cpus:
[    0.000000]   Intel GenuineIntel
[    0.000000]   AMD AuthenticAMD
[    0.000000]   Centaur CentaurHauls
[    0.000000] x86/fpu: xstate_offset[2]:  576, xstate_sizes[2]:  256
[    0.000000] x6/fpu: Supporing XSAVE feature 0x01: 'x8 floating pint registers'
[    0.000000] x86/fpu: Supporting XSAE feature 002: 'SSE reisters
[    0.00000] x86/fpu: Supporting XSAVE feature 0x04: 'AVX registers'
[    0.000000] x86/fp: Enabled xtate features 0x7,context size is 832 byte, using 'tandar' formt.
[    0.000000] e820:BIOS-provided physical RAM map:
[    0.000000] BIOS-e820: [mem 0000000000000000-0x000000000009fbff] usable
[    0.000000] BIOS-e820 [mem 0x00000000009fc00-0x000000000009ffff] reserved
[    0.000000] BIOSe820: [mem 0x00000000000f0000-0x00000000000fffff] reservd
[   0.000000] BIOS-e20: [mem 0x0000000000100000-0x000000003ffeffff] usable
[    0.00000] BIOS-820: [mem 0x000000003fff0000-0x000000003fffffff] ACPI data
[    0.000000] BIOS-e820: [mem 0x00000000fec00000-0x00000000fec00fff] reserved
[    0.000000] BIOS-e820: [mem 0x00000000fee00000-0x0000000fee00fff] reserved
[    0.000000] BIOS-820: [em 0x0000000fffc000-0x00000000ffffffff] reserved
[    0.00000] NX (Execue Disable) proection: active
[    0.000000] SMBIOS .5 present.
[    0.00000] ypervisor detected KVM
[    0.000000] e820: last_fn = 0x3ff0 max_archpfn = 0x400000000
[    0.000000] MTRR: Disabled
[    0.000000] x86/PAT: MTRs disabed, skippin PAT initializatio too.
    0.00000] CPUMTRRs all blank - virtualized ystem.
[    0000000]x886/PAT: Configuraton [0-]: WB  WT UC- UC  B  WT  UC- UC  
    0.00000] foun SMP MP-table at [mem 0x0009fff0-0x0009ffff] mapped at [ffff88000009fff0]
[    0.000000] Scanning 1 areas for low memory corruption
[    0.000000] RMDISK: [me 0x363c000-0x3717dfff]
[    0.000000] ACPI: Early table chcksum verification disabled
[    0.000000] ACPI: RSDP 0x00000000000E0000 000024 (v02 VBOX  )
[    0.000000] ACPI: XSDT 0x000000003FFF0030 00003C (v01 VBOX   VBOXXSDT 00000001 ASL  00000061)
[    0.000000] ACPI: FAP 0x000000003FFF00F0 0000F4 (v04 VBOX   VBOXFACP 00000001 ASL  00000061)
[    0.000000] ACPI: DSDT 0x000000003FFF0470 0021FF (v02 VBOX   VBOXBIOS 00000002 INTL 20100528)
[    0.000000] ACPI: FACS 0x000000003FFF0200 000040
[    0.000000] ACPI: FACS 0x000000003FF0200 000040
[    0.000000] ACPI: APIC 0x000000003FFF0240 00005C (v02 VBOX   VBOXAPIC 00000001 ASL  00000061)
[    0.000000] ACPI: SSDT 0x000000003FFF02A0 0001CC (v01 VBOX   VBOXCPUT 00000002 INTL 20100528)
[    0.000000] No NUMA configuration found
[    0.000000] Faking a node at [mem 0x0000000000000000-0x000000003ffeffff]
[    0.000000] NODE_DATA(0) allocated [mem 0x3ffeb000-0x3ffeffff]
[    0.000000] kvmclock: Using msrs 4b564d01 and 4b564d00
[    0.00000]kvm-clock: cpu 0, mr 0:3ffe001, pimary cpuclock
[    0.000000] kvm-clock:using sched offset of 4291438588 cycls
[    0.00000] cocksource: kvm-clock: mask: 0xffffffffffffffff max_cyces: 0x1d42e4dffb, max_idle_ns: 881590591483 ns
    0.00000] Zone ranges
[    0.000000]  DMA      [em 0x000000000001000-0x0000000000ffffff]
[   0.000000]  DMA32    [mem0x0000000001000000-0x000000003ffeffff]
[    0.00000]   Normal   empty
[    0.000000]  Device   empt
[    0.00000] Movable zone start for each node
[    0.00000] Ealy memor node anges
[    0.000000]   node   0: mem 0x00000000000100-0x000000000009efff]
[    0.00000]   ode   0: [mem 0x0000000000100000-0x000000003ffeffff]
[    0000000] Initem setup node 0 [mem 0x00000000000001000-0x000000003ffefff]
    0.00000] ACP: PM-Timer IO Port: 0x008
[    .000000] IOAIC[0]: apic_id 2, ersio32, address 0xfe00000, GSI 0-23
[    0.000000] ACPI: INT_SRC_OVR (bus 0 bus_irq 0 global_irq 2 dfl dfl)
[    0.000000] ACPI: IINT_RC_OVR (bus 0 bus_irq 9 global_irq 9 low level)
[    0.000000] Using ACPI (MADT) for SMP configuration information
[    0.000000] smpboot: Allowing 2 CPUs, 0 hotplug CPUs
[    0.000000] PM: Registered nosave memory: [mem 0x00000000-0x00000fff]
[    0.000000] PM: Registered nosave memory: [mem 0x0009f000-0x0009ffff]
[    0.000000] PM: Registered nosave memory: [mem 0x000a0000-0x000effff]
[    0.000000] PM:Registered nosave memory: [mem 0x000f0000-0x000fffff]
[    0.000000] e820: [mem 0x40000000-0xfebfffff] available for PCI devices
[    0.000000] Booting paravirtualized kernel on KVM
[    0.000000] clocksource: refined-jiffies: mask: 0xffffffff max_cycles: 0xffffffff, max_idle_ns: 7645519600211568 ns
[    0.000000] setup_percpu: NR_CPUS:512 nr_cpumask_bits:512 nr_cpu_ids:2 nr_node_ids:1
[    0.000000] PERCPU: Embedded 34 pages/cpu @ffff88003fc00000 s99608 r8192 d31464 u1048576
[    0.000000] PV qspinlock hash table entries: 256 (order: 0, 4096 bytes)
[    0.000000] Built 1 zonelists in Node order, mobility grouping on.  Total pages: 257912
[    0.000000] Policy zone: DMA32
[    0.000000] Kernel command line: BOOT_IMAGE=/boot/vmlinuz-4.4.0-140-generic root=LABEL=cloudimg-rootfs ro console=tty1 consle=ttyS0
[    0.000000] PID hah table entries: 4096 (order: 3, 32768 bytes)
[    0.000000] Memory: 997712K/1048120K available (8564K kernel code, 1314K rwdata, 4008K rodata, 1528K init, 1316K bss, 50408K reserved, 0K cma-reserved)
[    0.000000] SLUB: HWalign=64, Order=0-3, MinObjects=0, CPUs=2, Node1
[    0.000000] Kernel/User page tables solation: enabled
[    0.000000] Hierarchical RCU implementation.
[    0.000000] 	Build-time adjustment of leaf fanout to 64.
[    0.000000] 	RCU restricting CPUs from NR_CPUS=512 to nr_cpu_ids=2.
[    0.000000] RCU: Adjusting gometry for rcu_fanout_leaf=64, nr_cpu_ids=2
[    0.000000] NR_IRQS:33024 nr_irqs:440 16
[    0.000000] Console: colour VGA+ 80x25
[    0.000000] console [tty1] enabled
[    0.000000] console [ttyS0] enabled
[    0.000000] tsc: Deteced 2700.000 MHz processor
[    2.501659] Calibrating delay loop (skipped) preset value.. 5400.00 BogoMIPS (lpj=10800000)
[    2.513349] pid_max: default: 32768 minimum: 301
[    2.515376] ACPI: Core revision 20150930
[    2.517913] ACPI: 2 ACPI AML tables successfully acquired and loaded
[    2.520772] Security Framework initialized
[    2.527730] Yama: becoming mindful.
[    2.529292] AppArmor: AppArmor initialized
[    2.531183] Dentry cache hash table entries: 131072 (order: 8, 1048576 bytes)
[    2.536511] Inode-cache hash table entries: 65536 (order: 7, 524288 bytes)
[    2.539702] Mount-cache hash table entries: 2048 (order: 2, 16384 bytes)
[    2.542503] Mountpoint-cache hash table entries: 2048 (order: 2, 16384 bytes)
[    2.557402] Initializing cgroup subsys io
[    2.564804] Initializing cgroup subsys memory
[    2.567458] Initializing cgroup subsys devices
[    2.575388] Initializing cgroup subsys freezer
[    2.577224] Initializing cgroup subsys net_cls
[    2.583065] Initializing cgroup subsys perf_event
[    2.592767] Initializing cgroup subsys net_prio
[    2.601619] Initializing cgroup subsys hugetlb
[    2.610308] Initializing cgroup subsys pids
[    2.620858] mce: CPU supports 0 MCE banks
[    2.629902] Last level iTLB entries: 4KB 64, 2MB 8, 4MB 8
[    2.639501] Last level dTLB entries: 4KB 64, 2MB 0, 4MB 0, 1GB 4
[    2.649858] Spectre V2 : Mitigation: Full generic retpoline
[    2.655187] Spectre V2 : Spectre v2 mitigation: Speculation control IBPB not-supported IBRS not-supported
[    2.661373] Spectre V2 : Spectre v2 / SpectreRSB mitigation: Filling RSB on context switch
[    2.668863] Speculative Store Bypass: Vulnerable
[    2.676387] Freeing SMP alternatives memory: 32K
[    2.686442] ftrace: allocating 32287 entries in 127 pages
[    2.742641] smpboot: APIC(0) Converting physical 0 to logical package 0
[    2.746101] smpboot: Max logical packages: 1
[    2.748166] x2apic enabled
[    2.749664] Switched APIC routing to physical x2apic.
[    2.752988] ..TIMER: vector=0x30 apic1=0 pin1=2 apic2=-1 pin2=-1
[    2.863667] smpboot: CPU0: Intel(R) Core(TM) i5-5257U CPU @ 2.70GHz (family: 0x6, model: 0x3d, stepping: 0x4)
[    2.868853] Performance Events: unsupported p6 CPU model 61 no PMU driver, software events only.
[    2.877301] KVM setup paravirtual spinlock
[    2.888717] x86: Booting SMP configuration:
[    2.893474] .... node  #0, CPUs:      #1
[    2.895485] kvm-clock: cpu 1, msr 0:3ffe3041, secondary cpu clock
[    2.899663] mce: CPU supports 0 MCE banks
[    2.902758] x86: Booted up 1 node, 2 CPUs
[    2.905771] smpboot: Total of 2 processors activated (10800.00 BogoMIPS)
[    2.913829] devtmpfs: initialized
[    2.916804] evm: security.selinux
[    2.918548] evm: security.SMACK64
[    2.920161] evm: security.SMACK64EXEC
[    2.921795] evm: security.SMACK64TRANSMUTE
[    2.924961] evm: security.SMACK64MMAP
[    2.926234] evm: security.ima
[    2.927667] evm: security.capability
[    2.930115] clocksource: jiffies: mask: 0xffffffff max_cycles: 0xffffffff, max_idle_ns: 7645041785100000 ns
[    2.939815] futex hash table entries: 512 (order: 3, 32768 bytes)
[    2.942599] pinctrl core: initialized pinctrl subsystem
[    2.945770] RTC time:  7:27:58, date: 05/02/19
[    2.947679] NET: Registered protocol family 16
[    2.959259] cpuidle: using governor ladder
[    2.988388] cpuidle: using governor menu
[    2.992747] PCCT header not found.
[    2.997123] ACPI: bus type PCI registered
[    3.004497] acpiphp: ACPI Hot Plug PCI Controller Driver version: 0.5
[    3.023713] PCI: Using configuration type 1 for base access
[    3.042493] ACPI: Added _OSI(Module Device)
[    3.051423] ACPI: Added _OSI(Processor Device)
[    3.064344] ACPI: Added _OSI(3.0 _SCP Extensions)
[    3.077497] ACPI: Added _OSI(Processor Aggregator Device)
[    3.090539] ACPI: Executed 1 blocks of module-level executable AML code
[    3.099701] ACPI: Interpreter enabled
[    3.109087] ACPI: (supports S0 S5)
[    3.115572] ACPI: Using IOAPIC for interrupt routing
[    3.120674] PCI: Using host bridge windows from ACPI; if necessary, use "pci=nocrs" and report a bug
[    3.149933] ACPI: PCI Root Bridge [PCI0] (domain 0000 [bus 00-ff])
[    3.153460] acpi PNP0A03:00: _OSC: OS supports [ASPM ClockPM Segments MSI]
[    3.156301] acpi PNP0A03:00: _OSC: not requesting OS control; OS requires [ExtendedConfig ASPM ClockPM MSI]
[    3.172931] acpi PNP0A03:00: fail to add MMCONFIG information, can't access extended PCI configuration space under this bridge.
[    3.188797] PCI host bridge to bus 0000:00
[    3.208300] pci_bus 0000:00: root bus resource [io  0x0000-0x0cf7 window]
[    3.215242] pci_bus 0000:00: root bus resource [io  0x0d00-0xffff window]
[    3.217748] pci_bus 0000:00: root bus resource [mem 0x000a0000-0x000bffff window]
[    3.225728] pci_bus 0000:00: root bus resource [mem 0x40000000-0xfdffffff window]
[    3.236534] pci_bus 0000:00: root bus resource [bus 00-ff]
[    3.245436] pci 0000:00:01.1: legacy IDE quirk: reg 0x10: [io  0x01f0-0x01f7]
[    3.256186] pci 0000:00:01.1: legacy IDE quirk: reg 0x14: [io  0x03f6]
[    3.258854] pci 0000:00:01.1: legacy IDE quirk: reg 0x18: [io  0x0170-0x0177]
[    3.264084] pci 0000:00:01.1: legacy IDE quirk: reg 0x1c: [io  0x0376]
[    3.311056] pci 0000:00:07.0: quirk: [io  0x4000-0x403f] claimed by PIIX4 ACPI
[    3.320817] pci 0000:00:07.0: quirk: [io  0x4100-0x410f] claimed by PIIX4 SMB
[    3.334814] ACPI: PCI Interrupt Link [LNKA] (IRQs 5 9 10 *11)
[    3.339849] ACPI: PCI Interrupt Link [LNKB] (IRQs 5 9 *10 11)
[    3.343263] ACPI: PCI Interrupt Link [LNKC] (IRQs 5 *9 10 11)
[    3.346241] ACPI: PCI Interrupt Link [LNKD] (IRQs 5 9 10 *11)
[    3.349118] ACPI: Enabled 2 GPEs in block 00 to 07
[    3.351308] vgaarb: setting as boot device: PCI:0000:00:02.0
[    3.353160] vgaarb: device added: PCI:0000:00:02.0,decodes=io+mem,owns=io+mem,locks=none
[    3.357339] vgaarb: loaded
[    3.360490] vgaarb: bridge control possible 0000:00:02.0
[    3.364597] SCSI subsystem initialized
[    3.366138] ACPI: bus type USB registered
[    3.368805] usbcore: registered new interface driver usbfs
[    3.370721] usbcore: registered new interface driver hub
[    3.377785] usbcore: registered new device driver usb
[    3.382162] PCI: Using ACPI for IRQ routing
[    3.385846] NetLabel: Initializing
[    3.388658] NetLabel:  domain hash size = 128
[    3.390490] NetLabel:  protocols = UNLABELED CIPSOv4
[    3.394389] NetLabel:  unlabeled traffic allowed by default
[    3.404587] amd_nb: Cannot enumerate AMD northbridges
[    3.419891] clocksource: Switched to clocksource kvm-clock
[    3.431923] AppArmor: AppArmor Filesystem Enabled
[    3.434715] pnp: PnP ACPI init
[    3.438068] pnp: PnP ACPI: found 3 devices
[    3.452937] clocksource: acpi_pm: mask: 0xffffff max_cycles: 0xffffff, max_idle_ns: 2085701024 ns
[    3.457038] NET: Registered protocol family 2
[    3.458793] TCP established hash table entries: 8192 (order: 4, 65536 bytes)
[    3.461122] TCP bind hash table entries: 8192 (order: 5, 31072 bytes)
[    3.488295] TCP: Hash tables configured (established 8192 bind 8192)
[    3.490905] UDP hash table entries: 512 (order: 2,16384 bytes)
[    3.517555] UDP-Lite hash table entries: 512 (order: 2, 16384 bytes)
[    3.521132] NET: Registered protocol family 1
[    3.523383] pci 0000:00:00.0: Limiting direct PCI/PCI transfers
[    3.525371] pci 0000:00:01.0: Activating ISA DMA hang workarounds
[    3.527602] Unpacking initramfs...

[    3.829345] Freeing initrd memory: 14792K
[    3.831699] RAPL PMU detected, API unit is 2^-32 Joules, 4 fixed counters 10737418240 ms ovfl timer
[    3.835152] hw unit of domain pp0-core 2^-0 Joules
[    3.837060] hw unit of domain package 2^-0 Joules
[    3.838690] hw unit of domain dram 2^-0 Joules
[    3.840711] hw unit of domain pp1-gpu 2^-0 Joules
[    3.854311] platform rtc_cmos: registered platform RTC device (no PNP device found)
[    3.858205] Scanning for low memory corruption every 60 seconds
[    3.860925] audit: initializing netlink subsys (disabled)
[    3.870218] audit: type=2000 audit(1556782082.080:1): initialized
[    3.878913] Initialise system trusted keyring
[    3.881525] HugeTLB registered 2 MB page size, pre-allocated 0 pages
[    3.886048] zbud: loaded
[    3.888048] VFS: Disk quotas dquot_6.6.0
[    3.889894] VFS: Dquot-cache hash table entries: 512 (order 0, 4096 bytes)
[    3.893052] squashfs: version 4.0 (2009/01/31) Phillip Lougher
[    3.895399] fuse init (API version 7.23)
[    3.897252] Key type big_key registered
[    3.898917] Allocating IMA MOK and blacklist keyrings.
[    3.904278] Key type asymmetric registered
[    3.909015] Asymmetric key parser 'x509' registered
[    3.911207] Block layer SCSI generic (bsg) driver version 0.4 loaded (major 249)
[    3.919607] io scheduler noop registered
[    3.921101] io scheduler deadline registered (default)
[    3.922825] io scheduler cfq registered
[    3.924600] pci_hotplug: PCI Hot Plug PCI Core version: 0.5
[    3.933200] pciehp: PCI Express Hot Plug Controller Driver version: 0.4
[    3.939047] ACPI: AC Adapter [AC] (off-line)
[    3.947227] input: Power Button as /devices/LNXSYSTM:00/LNXPWRBN:00/input/input0
[    3.951871] ACPI: Power Button [PWRF]
[    3.957243] input: Sleep Button as /devices/LNXSYSTM:00/LNXSLPBN:00/input/input1
[    3.977835] ACPI: Sleep Button [SLPF]
[    3.988822] GHES: HEST is not enabled!
[    3.990688] ACPI: Battery Slot [BAT0] (battery present)
[    3.995808] Serial: 8250/16550 driver, 32 ports, IRQ sharing enabled
[    4.034366] 00:02: ttyS0 at I/O 0x3f8 (irq = 4, base_baud = 115200) is a 16550A
[    4.060520] Linux agpgart interface v0.103
[    4.064868] loop: module loaded
[    4.067290] scsi host0: ata_piix
[    4.068896] scsi host1: ata_piix
[    4.070086] ata1: PATA max UDMA/33 cmd 0x1f0 ctl 0x3f6 bmdma 0xd000 irq 14
[    4.072219] ata2: PATA max UDMA/33 cmd 0x170 ctl 0x376 bmdma 0xd008 irq 15
[    4.075243] libphy: Fixed MDIO Bus: probed
[    4.088530] tun: Universal TUN/TAP device driver, 1.6
[    4.093677] tun: (C) 1999-2004 Max Krasnyansky <max@qualcomm.com>

[    4.145383] PPP generic driver version 2.4.2
[    4.154388] ehci_hcd: USB 2.0 'Enhanced' Host Controller (EHCI) Driver
[    4.177166] ehci-pci: EHCI PCI platform driver
[    4.189100] ehci-platform: EHCI generic platform driver
[    4.193971] ohci_hcd: USB 1.1 'Open' Host Controller (OHCI) Driver
[    4.212613] ohci-pci: OHCI PCI platform driver
[    4.24620] oci-platform: OHC generic latform driver
[    .343623] uhci_hcd:USB Univeral Host Cntroller Iterfac drive
[    4511265]i8042:PNP: P/2 Controller [PNP0303:PSK,PNP0f03:PSM] at 0x60,x64 irq1,12
[    4.702374] serio i8042 KBD port at 0x60,0x64 irq 1
[   4.72774] serio: i8042 AUX port at 0x60,0x64 ir 12

[    4.800323] mousedev: PS/2 mouse device common for all mice
[    4.802745] rtc_cmos rtc_cmos: rtc core: registered rtc_cmos as rtc0
[    4.804962] rtc_cmos rtc_cmos: alarms up to one day, 114 bytes nvram
[    4.807267] i2c /dev entries driver
[    4.809060] input: AT Translated Set 2 keyboard as /devices/platform/i8042/serio0/input/input2
[    4.812669] device-mapper: uevent: version 1.0.3
[    4.815345] device-mapper: ioctl: 4.34.0-ioctl (2015-10-28) initialised: dm-devel@redhat.com
[    4.819048] ledtrig-cpu: registered to indicate activity on CPUs
[    4.822498] NET: Registered protocol family 10
[    4.824963] NET: Registered protocol family 17
[    4.826547] Key type dns_resolver registered
[    4.829067] registered taskstats version 1
[    4.830944] Loading compiled-in X.509 certificates
[    4.833774] Loaded X.509 cert 'Build time autogenerated kernel key: 2b5438463a545abf193c13ead155e0657f6c69dd'
[    4.838441] zswap: loaded using pool lzo/zbud
[    4.846667] Key type trusted registered
[    4.852048] tsc: Refined TSC clocksource calibration: 2699.312 MHz
[    4.856715] clocksource: tsc: mask: 0xffffffffffffffff max_cycles: 0x26e8b4ac180, max_idle_ns: 440795255250 ns
[    4.875921] Key type encrypted registered
[    4.880536] AppArmor: AppArmor sha1 policy hashing enabled
[    4.884116] ima: No TPM chip found, activating TPM-bypass!
[    4.888191] ima: Allocated hash algorithm: sha1
[    4.891431] evm: HMAC attrs: 0x1
[    4.896218]   Magic number: 3:808:469
[    4.898687] rtc_cmos rtc_cmos: setting system clock to 2019-05-02 07:28:00 UTC (1556782080)
[    4.904392] BIOS EDD facility v0.16 2004-Jun-25, 0 devices found
[    4.908446] EDD information not available.
[    4.915177] Freeing unused kernel memory: 1528K
[    4.928601] Write protecting the kernel read-only data: 14336k
[    4.933182] Freeing unused kernel memory: 1664K
[    4.957508] Freeing unused kernel memory: 88K
Loading, please wait...
starting version[    4.986222] random: systemd-udevd: uninitialized urandom read (16 bytes read, 5 bits of entropy available)
 229
[    4.986923] random: udevadm: uninitialized urandom read (16 bytes read, 5 bits of entropy available)
[    4.986948] random: udevadm: uninitialized urandom read (16 bytes read, 5 bits of entropy available)
[    4.994923] random: udevadm: uninitialized urandom read (16 bytes read, 5 bits of entropy available)
[    4.994966] random: udevadm: uninitialized urandom read (16 bytes read, 5 bits of entropy available)
[    4.995087] random: udevadm: uninitialized urandom read (16 bytes read, 5 bits of entropy available)
[    4.995134] random: udevadm: uninitialized urandom read (16 bytes read, 5 bits of entropy available)
[    4.995176] random: udevadm: uninitialized urandom read (16 bytes read, 5 bits of entropy available)
[    4.995218] random: udevadm: uninitialized urandom read (16 bytes read, 5 bits of entropy available)
[    4.995323] random: udevadm: uninitialized urandom read (16 bytes read, 5 bits of entropy available)
[    5.187370] e1000: Intel(R) PRO/1000 Network Driver - version 7.3.21-k8-NAPI
[    5.219274] e1000: Copyright (c) 1999-2006 Intel Corporation.
[    5.225151] Fusion MPT base driver 3.04.20
[    5.228477] Copyright (c) 1999-2008 LSI Corporation
[    5.241201] Fusion MPT SPI Host driver 3.04.20
[    5.271611] AVX2 version of gcm_enc/dec engaged.
[    5.273616] AES CTR mode by8 optimization enabled
[    5.460901] input: ImExPS/2 Generic Explorer Mouse as /devices/platform/i8042/serio1/input/input4
[    5.727238] e1000 0000:00:03.0 eth0: (PCI:33MHz:32-bit) 02:ad:cb:40:33:ef
[    6.362992] e1000 0000:00:03.0 eth0: Intel(R) PRO/1000 Network Connection
[    6.367268] mptbase: ioc0: Initiating bringup
[    6.376183] e1000 0000:00:03.0 enp0s3: renamed from eth0
[    6.437583] ioc0: LSI53C1030 A0: Capabilities={Initiator}
[    7.440867] scsi host2: ioc0: LSI53C1030 A0, FwRev=00000000h, Ports=1, MaxQ=256, IRQ=20
[    7.788166] scsi 2:0:0:0: Direct-Access     VBOX     HARDDISK         1.0  PQ: 0 ANSI: 5
[    8.198620] scsi target2:0:0: Beginning Domain Validation
[    8.201988] scsi target2:0:0: Domain Validation skipping write tests
[    8.213232] scsi target2:0:0: Ending Domain Validation
[    8.233323] scsi target2:0:0: asynchronous
[    8.237762] scsi 2:0:1:0: Direct-Access     VBOX     HARDDISK         1.0  PQ: 0 ANSI: 5
[    8.243929] scsi target2:0:1: Beginning Domain Validation
[    8.257041] scsi target2:0:1: Domain Validation skipping write tests
[    8.261665] scsi target2:0:1: Ending Domain Validation
[    8.265920] scsi target2:0:1: asynchronous
[    8.288498] sd 2:0:0:0: [sda] 20971520 512-byte logical blocks: (10.7 GB/10.0 GiB)
[    8.288863] sd 2:0:0:0: Attached scsi generic sg0 type 0
[    8.298275] sd 2:0:1:0: Attached scsi generic sg1 type 0
[    8.298792] sd 2:0:1:0: [sdb] 20480 512-byte logical blocks: (10.5 MB/10.0 MiB)
[    8.300220] sd 2:0:1:0: [sdb] Write Protect is off
[    8.300375] sd 2:0:1:0: [sdb] Incomplete mode parameter data
[    8.300376] sd 2:0:1:0: [sdb] Assuming drive cache: write through
[    8.302829] sd 2:0:1:0: [sdb] Attached SCSI disk
[    8.372339] sd 2:0:0:0: [sda] Write Protect is off
[    8.374669] sd 2:0:0:0: [sda] Incomplete mode parameter data
[    8.376647] sd 2:0:0:0: [sda] Assuming drive cache: write through
[    8.395717]  sda: sda1
[    8.398516] sd 2:0:0:0: [sda] Attached SCSI disk
Begin: Loading essential drivers ... [    9.734694] md: linear personality registered for level -1
[    9.738989] md: multipath personality registered for level -4
[    9.750437] md: raid0 personality registered for level 0
[    9.755297] md: raid1 personality registered for level 1
[    9.828121] raid6: sse2x1   gen()  9641 MB/s
[    9.908012] raid6: sse2x1   xor()  7281 MB/s
[    9.996020] raid6: sse2x2   gen() 11564 MB/s
[   10.076074] raid6: sse2x2   xor()  7889 MB/s
[   10.160139] raid6: sse2x4   gen() 12684 MB/s
[   10.240204] raid6: sse2x4   xor()  9211 MB/s
[   10.324180] raid6: avx2x1   gen() 18471 MB/s
[   10.408203] raid6: avx2x2   gen() 21279 MB/s
[   10.492083] raid6: avx2x4   gen() 19140 MB/s
[   10.495420] raid6: using algorithm avx2x2 gen() 21279 MB/s
[   10.499420] raid6: using avx2x2 recovery algorithm
[   10.509785] xor: automatically using best checksumming function:
[   10.552545]    avx       : 29250.000 MB/sec
[   10.556738] async_tx: api initialized (async)
[   10.566608] md: raid6 personality registered for level 6
[   10.574739] md: raid5 personality registered for level 5
[   10.580755] md: raid4 personality registered for level 4
[   10.598528] md: raid10 personality registered for level 10
done.
Begin: Running /scripts/init-premount ... done.
Begin: Mounting root file system ... Begin: Running /scripts/local-top ... done.
Begin: Running /scripts/local-premount ... [   10.642323] Btrfs loaded
Scanning for Btrfs filesystems
done.
Warning: fsck not present, so skipping root file[   10.681430] EXT4-fs (sda1): mounted filesystem with ordered data mode. Opts: (null)
 system
done.
Begin: Running /scripts/local-bottom ... done.
Begin: Running /scripts/init-bottom ... done.
[   10.838096] systemd[1]: systemd 229 running in system mode. (+PAM +AUDIT +SELINUX +IMA +APPARMOR +SMACK +SYSVINIT +UTMP +LIBCRYPTSETUP +GCRYPT +GNUTLS +ACL +XZ -LZ4 +SECCOMP +BLKID +ELFUTILS +KMOD -IDN)
[   10.888931] systemd[1]: Detected virtualization oracle.
[   10.908176] systemd[1]: Detected architecture x86-64.

Welcome to [1mUbuntu 16.04.5 LTS[0m!

[   10.933590] systemd[1]: Set hostname to <ubuntu-xenial>.
[   11.140415] systemd[1]: Reached target Swap.
[[0;32m  OK  [0m] Reached target Swap.
[   11.150380] systemd[1]: Started Forward Password Requests to Wall Directory Watch.
[[0;32m  OK  [0m] Started Forward Password Requests to Wall Directory Watch.
[   11.204607] systemd[1]: Listening on Journal Socket.
[[0;32m  OK  [0m] Listening on Journal Socket.
[   11.226636] systemd[1]: Set up automount Arbitrary Executable File Formats File System Automount Point.
[[0;32m  OK  [0m] Set up automount Arbitrary Executab...ats File System Automount Point.
[   11.258983] systemd[1]: Listening on /dev/initctl Compatibility Named Pipe.
[[0;32m  OK  [0m] Listening on /dev/initctl Compatibility Named Pipe.
[   11.272903] systemd[1]: Listening on Device-mapper event daemon FIFOs.
[[0;32m  OK  [0m] Listening on Device-mapper event daemon FIFOs.
[   11.278166] systemd[1]: Reached target User and Group Name Lookups.
[[0;32m  OK  [0m] Reached target User and Group Name Lookups.
[   11.284170] systemd[1]: Reached target Encrypted Volumes.
[[0;32m  OK  [0m] Reached target Encrypted Volumes.
[   11.289838] systemd[1]: Reached target System Time Synchronized.
[[0;32m  OK  [0m] Reached target System Time Synchronized.
[   11.300527] systemd[1]: Listening on Journal Socket (/dev/log).
[[0;32m  OK  [0m] Listening on Journal Socket (/dev/log).
[   11.321528] systemd[1]: Created slice User and Session Slice.
[[0;32m  OK  [0m] Created slice User and Session Slice.
[   11.331932] systemd[1]: Listening on udev Kernel Socket.
[[0;32m  OK  [0m] Listening on udev Kernel Socket.
[   11.340347] systemd[1]: Listening on udev Control Socket.
[[0;32m  OK  [0m] Listening on udev Control Socket.
[   11.356574] systemd[1]: Listening on Syslog Socket.
[[0;32m  OK  [0m] Listening on Syslog Socket.
[   11.369121] systemd[1]: Listening on LVM2 metadata daemon socket.
[[0;32m  OK  [0m] Listening on LVM2 metadata daemon socket.
[   11.380672] systemd[1]: Listening on Journal Audit Socket.
[[0;32m  OK  [0m] Listening on Journal Audit Socket.
[   11.393894] systemd[1]: Listening on LVM2 poll daemon socket.
[[0;32m  OK  [0m] Listening on LVM2 poll daemon socket.
[   11.412205] systemd[1]: Created slice System Slice.
[[0;32m  OK  [0m] Created slice System Slice.
[   11.416932] systemd[1]: Reached target Slices.
[[0;32m  OK  [0m] Reached target Slices.
[   11.444486] systemd[1]: Mounting Debug File System...
         Mounting Debug File System...
[   11.489615] systemd[1]: Mounting POSIX Message Queue File System...
         Mounting POSIX Message Queue File System...
[   11.500175] systemd[1]: Starting Monitoring of LVM2 mirrors, snapshots etc. using dmeventd or progress polling...
         Starting Monitoring of LVM2 mirrors... dmeventd or progress polling...
[   11.538792] systemd[1]: Created slice system-postgresql.slice.
[[0;32m  OK  [0m] Created slice system-postgresql.slice.
[   11.572708] systemd[1]: Mounting Huge Pages File System...
         Mounting Huge Pages File System...
[   11.585853] systemd[1]: Starting Uncomplicated firewall...
         Starting Uncomplicated firewall...
[   11.621735] systemd[1]: Starting Set console keymap...
[   11.640658] random: nonblocking pool is initialized
         Starting Set console keymap...
[   11.704542] systemd[1]: Starting Remount Root and Kernel File Systems...
[   11.709085] EXT4-fs (sda1): re-mounted. Opts: (null)

         Starting Remount Root and Kernel File Systems...
[   11.749596] systemd[1]: Starting Journal Service...
         Starting Journal Service...
[   11.755038] systemd[1]: Starting Nameserver information manager...
         Starting Nameserver information manager...
[   11.770702] systemd[1]: Created slice system-serial\x2dgetty.slice.
[[0;32m  OK  [0m] Created slice system-serial\x2dgetty.slice.
[   11.796779] systemd[1]: Starting Load Kernel Modules...
         Starting Load Kernel Modules...
[   11.806196] systemd[1]: Starting Create list of required static device nodes for the current kernel...
         Startin[   11.826076] Loading iSCSI transport class v2.0-870.
g Create list of required st... nodes for the current kernel...
[   11.831796] systemd[1]: Started Trigger resolvconf update for networkd DNS.
[[0;32m  OK  [0m] Started Trigger resolvconf update for networkd DNS.
[   11.839481] systemd[1]: Mounted Debug File System.
[[0;32m  OK  [[   11.845987] iscsi: registered transport (tcp)
0m] Mounted Debug File System.
[   11.852477] systemd[1]: Mounted Huge Pages File System.
[[0;32m  OK  [0m] Mounted Huge Pages File System.
[   11.868418] systemd[1]: Mounted POSIX Message Queue File System.
[[0;32m  OK  [0m] Mounted POSIX Message Queue File System.
[   11.880552] systemd[1]: Started Journal Service.
[[0;32m  OK  [0m] Started Journal Service.
[[0;32m  OK  [0m] Started Uncomplicated firewall.
[   11.897852] iscsi: registered transport (iser)
[[0;32m  OK  [0m] Started Set console keymap.
[[0;32m  OK  [0m] Started Remount Root and Kernel File Systems.
[[0;32m  OK  [0m] Started Load Kernel Modules.
[[0;32m  OK  [0m] Started Create list of required sta...ce nodes for the current kernel.
[[0;32m  OK  [0m] Started Nameserver information manager.
[[0;32m  OK  [0m] Started LVM2 metadata daemon.
         Starting Create Static Device Nodes in /dev...
         Mounting FUSE Control File System...
         Starting Apply Kernel Variables...
         Starting Load/Save Random Seed...
         Starting udev Coldplug all Devices...
         Starting Flush Journal to Persistent Storage...
[[0;32m  OK  [0m] Mounted FUSE Control File System.
[[0;32m  OK  [0m] Started Create Static Device Nodes in /dev.
[[0;32m  OK  [0m] Started Apply Kernel Variables.
[[0;32m  OK  [0m] Started Load/Save Random Seed.
[[0;32m  OK  [0m] Started udev Coldplug all Devices.
[[0;32m  OK  [0m] Started Flush Journal to Persistent Storage.
         Starting udev Kernel Device Manager...
[[0;32m  OK  [0m] Started Monitoring of LVM2 mirrors,...ng dmeventd or progress polling.
[[0;32m  OK  [0m] Reached target Local File Systems (Pre).
[[0;32m  OK  [0m] Reached target Local File Systems.
         Starting Create Volatile Files and Directories...
         Starting Set console font and keymap...
         Starting Initial cloud-init job (pre-networking)...
         Starting Tell Plymouth To Write Out Runtime Data...
         Starting LSB: AppArmor initialization...
[[0;32m  OK  [0m] Started udev Kernel Device Manager.
[[0;32m  OK  [0m] Started Create Volatile Files and Directories.
[[0;32m  OK  [0m] Started Tell Plymouth To Write Out Runtime Data.
         Starting Update UTMP about System Boot/Shutdown...
[[0;32m  OK  [0m] Started Dispatch Password Requests to Console Directory Watch.
[[0;32m  OK  [0m] Started Update UTMP about System Boot/Shutdown.
[[0;32m  OK  [0m] Started LSB: AppArmor initialization.
[[0;32m  OK  [0m] Found device /dev/ttyS0.
[[0;32m  OK  [0m] Listening on Load/Save RF Kill Switch Status /dev/rfkill Watch.
[[0;32m  OK  [0m] Found device 82540EM Gigabit Ethern...r (PRO/1000 MT Desktop Adapter).
[   10.872960] cloud-init[485]: Cloud-init v. 18.4-0ubuntu1~16.04.2 running 'init-local' at Thu, 02 May 2019 07:28:09 +0000. Up 10.51 seconds.
[[0;32m  OK  [0m] Started Initial cloud-init job (pre-networking).
[[0;32m  OK  [0m] Started Set console font and keymap.
[[0;32m  OK  [0m] Created slice system-getty.slice.
[[0;32m  OK  [0m] Reached target Network (Pre).
         Starting Raise network interfaces...
[[0;32m  OK  [0m] Started ifup for enp0s3.
[[0;32m  OK  [0m] Started Raise network interfaces.
[[0;32m  OK  [0m] Reached target Network.
         Starting Initial cloud-init job (metadata service crawler)...
[   11.894052] cloud-init[958]: Cloud-init v. 18.4-0ubuntu1~16.04.2 running 'init' at Thu, 02 May 2019 07:28:10 +0000. Up 11.64 seconds.
[   11.905631] cloud-init[958]: ci-info: ++++++++++++++++++++++++++++++++++++++Net device info++++++++++++++++++++++++++++++++++++++
[   11.912488] cloud-init[958]: ci-info: +--------+------+----------------------------+---------------+--------+-------------------+
[   11.920498] cloud-init[958]: ci-info: | Device |  Up  |          Address           |      Mask     | Scope  |     Hw-Address    |
[   11.935995] cloud-init[958]: ci-info: +--------+------+----------------------------+---------------+--------+-------------------+
[   11.941483] cloud-init[958]: ci-info: | enp0s3 | True |         10.0.2.15          | 255.255.255.0 | global | 02:ad:cb:40:33:ef |
[[0;32m  OK  [0m] [   11.992920] cloud-init[958]: ci-info: | enp0s3 | True | fe80::ad:cbff:fe40:33ef/64 |       .       |  link  | 02:ad:cb:40:33:ef |
[   11.993280] cloud-init[958]: ci-info: |   lo   | True |         127.0.0.1          |   255.0.0.0   |  host  |         .         |
Started Initial cloud-init job (metadata service crawler).
[   11.998977] cloud-init[958]: ci-info: |   lo   | True |          ::1/128           |       .       |  host  |         .         |
[   12.062424] cloud-init[958]: ci-info: +--------+------+----------------------------+---------------+--------+-------------------+
[   12.063304] cloud-init[958]: ci-info: +++++++++++++++++++++++++++Route IPv4 info++++++++++++++++++++++++++++
[[0;32m  OK  [0m] Reached target System Initialization.
[   12.064869] cloud-init[958]: ci-info: +-------+-------------+----------+---------------+-----------+-------+
[   12.128786] cloud-init[958]: ci-info: | Route | Destination | Gateway  |    Genmask    | Interface | Flags |
[   12.129692] cloud-init[958]: ci-info: +-------+-------------+----------+---------------+-----------+-------+
         Starting Socket activation for snappy daemon.
[   12.130885] cloud-init[958]: ci-info: |   0   |   0.0.0.0   | 10.0.2.2 |    0.0.0.0    |   enp0s3  |   UG  |
[   12.170480] cloud-init[958]: ci-info: |   1   |   10.0.2.0  | 0.0.0.0  | 255.255.255.0 |   enp0s3  |   U   |
         [   12.171574] Starting LXD - unix socket.cloud-init
[958]: ci-info: +-------+-------------+----------+---------------+-----------+-------+
[   12.172872] cloud-init[958]: ci-info: +++++++++++++++++++Route IPv6 info+++++++++++++++++++
[   12.213647] cloud-init[958]: ci-info: +-------+-------------+---------+-----------+-------+
[[0;32m  OK  [0m] Started ACPI Events Check.
[   12.215347] cloud-init[958]: ci-info: | Route | Destination | Gateway | Interface | Flags |
[   12.241618] cloud-init[958]: ci-info: +-------+-------------+---------+-----------+-------+
[   12.242876] [[0;32m  OK  [0m] Reached target Paths.
cloud-init[958]: ci-info: |   0   |  fe80::/64  |    ::   |   enp0s3  |   U   |
[   12.314093] cloud-init[958]: ci-info: |   3   |   ff00::/8  |    ::   |   enp0s3  |   U   |
[[0;32m  OK  [0m] Listening on ACPID Listen Socket.
[   12.314710] cloud-init[958]: ci-info: +-------+-------------+---------+-----------+-------+
[[0;32m  OK  [0m] Started Daily Cleanup of Temporary Directories.
[[0;32m  OK  [0m] Listening on UUID daemon activation socket.
[[0;32m  OK  [0m] Started Daily apt download activities.
[[0;32m  OK  [0m] Listening on D-Bus System Message Bus Socket.
[[0;32m  OK  [0m] Started Daily apt upgrade and clean activities.
[[0;32m  OK  [0m] Reached target Timers.
[[0;32m  OK  [0m] Reached target Cloud-config availability.
[[0;32m  OK  [0m] Reached target Network is Online.
         Starting iSCSI initiator daemon (iscsid)...
[[0;32m  OK  [0m] Listening on Socket activation for snappy daemon.
[[0;32m  OK  [0m] Listening on LXD - unix socket.
[[0;32m  OK  [0m] Reached target Sockets.
[[0;32m  OK  [0m] Reached target Basic System.
[[0;32m  OK  [0m] Started FUSE filesystem for LXC.
         Starting Virtualbox guest utils...
[[0;32m  OK  [0m] Started Unattended Upgrades Shutdown.
         Starting PostgreSQL Cluster 9.5-main...
[[0;32m  OK  [0m] Started ACPI event daemon.
[[0;32m  OK  [0m] Started Regular background program processing daemon.
         Starting LSB: MD monitoring daemon...
         Starting LXD - container startup/shutdown...
[[0;32m  OK  [0m] Started Deferred execution scheduler.
         Starting LSB: Record successful boot for GRUB...
         Starting /etc/rc.local Compatibility...
         Starting Login Service...
         Starting Accounts Service...
         Starting System Logging Service...
         Starting OpenBSD Secure Shell server...
[[0;32m  OK  [0m] Started D-Bus System Message Bus.
         Starting Snappy daemon...
[[0;32m  OK  [0m] Started System Logging Service.
[[0;32m  OK  [0m] Started iSCSI initiator daemon (iscsid).
[[0;32m  OK  [0m] Started /etc/rc.local Compatibility.
[[0;32m  OK  [0m] Started LXD - container startup/shutdown.
[[0;32m  OK  [0m] Started OpenBSD Secure Shell server.
[[0;32m  OK  [0m] Started LSB: Record successful boot for GRUB.
[[0;32m  OK  [0m] Started LSB: MD monitoring daemon.
[[0;32m  OK  [0m] Started Login Service.
[[0;32m  OK  [0m] Started Virtualbox guest utils.
         Starting Authenticate and Authorize Users to Run Privileged Tasks...
         Starting Login to default iSCSI targets...
[[0;32m  OK  [0m] Started Authenticate and Authorize Users to Run Privileged Tasks.
[[0;32m  OK  [0m] Started Accounts Service.
[[0;32m  OK  [0m] Started Login to default iSCSI targets.
[[0;32m  OK  [0m] Reached target Remote File Systems (Pre).
[[0;32m  OK  [0m] Reached target Remote File Systems.
         Starting LSB: Start/stop sysstat's sadc...
         Starting LSB: automatic crash report generation...
         Starting Permit User Sessions...
         Starting LSB: daemon to balance interrupts for SMP systems...
         Starting LSB: Set the CPU Frequency Scaling governor to "ondemand"...
[[0;32m  OK  [0m] Started Snappy daemon.
[[0;32m  OK  [0m] Started Permit User Sessions.
[[0;32m  OK  [0m] Started LSB: Start/stop sysstat's sadc.
         Starting Terminate Plymouth Boot Screen...
         Starting Hold until boot process finishes up...
         Starting Wait until snapd is fully seeded...
[[0;32m  OK  [0m] Started LSB: automatic crash report generation.
[[0;32m  OK  [0m] Started LSB: daemon to balance interrupts for SMP systems.
[[0;32m  OK  [0m] Started LSB: Set the CPU Frequency Scaling governor to "ondemand".
[[0;32m  OK  [0m] Started Terminate Plymouth Boot Screen.
[[0;32m  OK  [0m] Started Hold until boot process finishes up.
[[0;32m  OK  [0m] Started Wait until snapd is fully seeded.
         Starting Apply the settings specified in cloud-config...
[[0;32m  OK  [0m] Started Getty on tty1.
         Starting Set console scheme...
[[0;32m  OK  [0m] Started Serial Getty on ttyS0.
[[0;32m  OK  [0m] Reached target Login Prompts.
[[0;32m  OK  [0m] Started Set console scheme.
[   14.060398] cloud-init[1204]: Cloud-init v. 18.4-0ubuntu1~16.04.2 running 'modules:config' at Thu, 02 May 2019 07:28:13 +0000. Up 13.89 seconds.
[[0;32m  OK  [0m] Started Apply the settings specified in cloud-config.
[[0;32m  OK  [0m] Started PostgreSQL Cluster 9.5-main.
         Starting PostgreSQL RDBMS...
[[0;32m  OK  [0m] Started PostgreSQL RDBMS.
[[0;32m  OK  [0m] Reached target Multi-User System.
[[0;32m  OK  [0m] Reached target Graphical Interface.
         Starting Execute cloud user/final scripts...
         Starting Update UTMP about System Runlevel Changes...
[[0;32m  OK  [0m] Started Update UTMP about System Runlevel Changes.
[[0;32m  OK  [0m] Created slice User Slice of vagrant.
         Starting User Manager for UID 1000...
[[0;32m  OK  [0m] Started Session 1 of user vagrant.
[[0;32m  OK  [0m] Started User Manager for UID 1000.
[   15.882832] cloud-init[1232]: Cloud-init v. 18.4-0ubuntu1~16.04.2 running 'modules:final' at Thu, 02 May 2019 07:28:15 +0000. Up 15.68 seconds.
[   15.890573] cloud-init[1232]: Cloud-init v. 18.4-0ubuntu1~16.04.2 finished at Thu, 02 May 2019 07:28:15 +0000. Datasource DataSourceNoCloud [seed=/dev/sdb][dsmode=net].  Up 15.86 seconds
[[0;32m  OK  [0m] Started Execute cloud user/final scripts.
[[0;32m  OK  [0m] Reached target Cloud-init target.

Ubuntu 16.04.5 LTS ubuntu-xenial ttyS0

ubuntu-xenial login: [[0;32m  OK  [0m] Stopped target Cloud-init target.
         Stopping User Manager for UID 1000...
[[0;32m  OK  [0m] Stopped Execute cloud user/final scripts.
[[0;32m  OK  [0m] Stopped Apply the settings specified in cloud-config.
         Stopping Session 3 of user vagrant.
         Stopping Session 11 of user vagrant.
[[0;32m  OK  [0m] Stopped target Timers.
[[0;32m  OK  [0m] Closed Load/Save RF Kill Switch Status /dev/rfkill Watch.
[[0;32m  OK  [0m] Stopped Da         Stopping LSB: Start/stop sysstat's sadc...
         Stopping LSB: automatic crash report generation...
         Stopping ACPI event daemon...
         Stopping LXD - container startup/shutdown...
         Stopping LSB: MD monitoring daemon...
[[0;32m  OK  [0m] Unmounted /var/lib/lxcfs.
[[0;32m  OK  [0m] Stopped ACPI event daemon.
[[0;32m  OK  [0m] Stopped Regular background program processing daemon.
[[0;32m  OK  [0m] Stopped Deferred execution scheduler.
[[0;32m  OK  [0m] Stopped Accounts Service.
[[0;32m  OK  [0m] Stopped System Logging Service.
[[0;32m  OK  [0m] Stopped Snappy daemon.
[[0;32m  OK  [0m] Stopped OpenBSD Secure Shell server.
[[0;32m  OK  [0m] Stopped Authenticate and Authorize Users to Run Privileged Tasks.
[[0;32m  OK  [0m] Stopped Getty on tty1.
[[0;32m  OK  [0m] Stopped Serial Getty on ttyS0.
[[0;32m  OK  [0m] Stopped User Manager for UID 1000.
[[0;32m  OK  [0m] Stopped D-Bus System Message Bus.
[[0;32m  OK  [0m] Stopped Unattended Upgrades Shutdown.
[[0;32m  OK  [0m] Stopped Session 3 of user vagrant.
[[0;32m  OK  [0m] Stopped Session 11 of user vagrant.
[[0;32m  OK  [0m] Stopped FUSE filesystem for LXC.
[[0;32m  OK  [0m] Stopped LSB: daemon to balance interrupts for SMP systems.
[[0;32m  OK  [0m] Stopped Virtualbox guest utils.
[[0;32m  OK  [0m] Stopped LSB: Set the CPU Frequency Scaling governor to "ondemand".
[[0;32m  OK  [0m] Stopped LSB: automatic crash report generation.
[[0;32m  OK  [0m] Stopped LSB: Record successful boot for GRUB.
[[0;32m  OK  [0m] Stopped LSB: Start/stop sysstat's sadc.
[[0;32m  OK  [0m] Stopped LXD - container startup/shutdown.
[[0;32m  OK  [0m] Stopped LSB: MD monitoring daemon.
[[0;32m  OK  [0m] Removed slice User Slice of vagrant.
         Stopping Login Service...
[[0;32m  OK  [0m] Removed slice system-serial\x2dgetty.slice.
[[0;32m  OK  [0m] Stopped /etc/rc.local Compatibility.
         Stopping Permit User Sessions...
[[0;32m  OK  [0m] Removed slice system-getty.slice.
[[0;32m  OK  [0m] Stopped Permit User Sessions.
[[0;32m  OK  [0m] Stopped target Remote File Systems.
[[0;32m  OK  [0m] Stopped target Remote File Systems (Pre).
         Stopping Login to default iSCSI targets...
[[0;32m  OK  [0m] Stopped Login Service.
[[0;32m  OK  [0m] Stopped target User and Group Name Lookups.
[[0;32m  OK  [0m] Stopped Login to default iSCSI targets.
         Stopping iSCSI initiator daemon (iscsid)...
[[0;32m  OK  [0m] Stopped iSCSI initiator daemon (iscsid).
[[0;32m  OK  [0m] Stopped target Network is Online.
[[0;32m  OK  [0m] Stopped target Network.
[[0;32m  OK  [0m] Stopped PostgreSQL Cluster 9.5-main.
[[0;32m  OK  [0m] Stopped target Basic System.
[[0;32m  OK  [0m] Stopped target Slices.
[[0;32m  OK  [0m] Removed slice User and Session Slice.
[[0;32m  OK  [0m] Stopped target Paths.
[[0;32m  OK  [0m] Stopped Forward Password Requests to Wall Directory Watch.
[[0;32m  OK  [0m] Stopped Dispatch Password Requests to Console Directory Watch.
[[0;32m  OK  [0m] Stopped ACPI Events Check.
[[0;32m  OK  [0m] Stopped target Sockets.
[[0;32m  OK  [0m] Closed UUID daemon activation socket.
[[0;32m  OK  [0m] Closed LXD - unix socket.
[[0;32m  OK  [0m] Closed Socket activation for snappy daemon.
[[0;32m  OK  [0m] Closed Syslog Socket.
[[0;32m  OK  [0m] Closed ACPID Listen Socket.
[[0;32m  OK  [0m] Closed D-Bus System Message Bus Socket.
[[0;32m  OK  [0m] Stopped target System Initialization.
[[0;32m  OK  [0m] Stopped target Swap.
         Stopping Load/Save Random Seed...
         Stopping Update UTMP about System Boot/Shutdown...
[[0;32m  OK  [0m] Stopped Initial cloud-init job (metadata service crawler).
         Stopping Raise network interfaces...
[[0;32m  OK  [0m] Stopped target Encrypted Volumes.
[[0;32m  OK  [0m] Removed slice system-postgresql.slice.
[[0;32m  OK  [0m] Stopped Load/Save Random Seed.
[[0;32m  OK  [0m] Stopped Update UTMP about System Boot/Shutdown.
[[0;32m  OK  [0m] Stopped Create Volatile Files and Directories.
[[0;32m  OK  [0m] Stopped Raise network interfaces.
[[0;32m  OK  [0m] Stopped target Local File Systems.
         Unmounting /vagrant...
         Unmounting /run/user/1000...
[[0;32m  OK  [0m] Stopped Apply Kernel Variables.
[[0;32m  OK  [0m] Stopped Load Kernel Modules.
[[0;32m  OK  [0m] Stopped target Network (Pre).
[[0;32m  OK  [0m] Stopped Initial cloud-init job (pre-networking).
[[0;32m  OK  [0m] Unmounted /vagrant.
[[0;32m  OK  [0m] Unmounted /run/user/1000.
[[0;32m  OK  [0m] Reached target Unmount All Filesystems.
[[0;32m  OK  [0m] Stopped target Local File Systems (Pre).
         Stopping Monitoring of LVM2 mirrors... dmeventd or progress polling...
[[0;32m  OK  [0m] Stopped Remount Root and Kernel File Systems.
[[0;32m  OK  [0m] Stopped Create Static Device Nodes in /dev.
[[0;32m  OK  [0m] Reached target Shutdown.
[ 4028.035360] reboot: Power down
